
StdOut: [2,0,0]: 0.40389578049834896
StdOut: [2,0,1]: 0.7731827160764875
StdOut: [2,0,2]: 0.3629919948638549
StdOut: [2,0,3]: -0.44746453429604904
StdOut: [2,1,0]: -0.5822628630391424
StdOut: [2,1,1]: 0.9235024248350501
StdOut: [2,1,2]: 0.3842007623110455
StdOut: [2,1,3]: 0.49020776105458586
StdOut: [2,2,0]: -0.09983974201491752
StdOut: [2,2,1]: 0.9082276350553125
StdOut: [2,2,2]: -0.4071171610553055
StdOut: [2,2,3]: 0.03504931791987209
StdOut: [2,3,0]: 0.2830100405333824
StdOut: [2,3,1]: -0.5180036518680085
StdOut: [2,3,2]: 0.7832618460417446
StdOut: [2,3,3]: 0.5465519091548587
StdOut: [3,0,0]: -0.89777774172074
StdOut: [3,0,1]: -0.7958470364088717
StdOut: [3,0,2]: 0.5367069201017771
StdOut: [3,0,3]: -0.5451342961847765
StdOut: [3,1,0]: 0.9830338458204215
StdOut: [3,1,1]: 0.08767125279332721
StdOut: [3,1,2]: 0.7028440337299964
StdOut: [3,1,3]: -0.7068495995960284
StdOut: [2,0,0]: 0.8231166243986792
StdOut: [2,0,1]: 1.11854617286119
StdOut: [2,0,2]: 0.7903935958910839
StdOut: [2,0,3]: 0.1420283725631608
StdOut: [2,1,0]: 0.034189709568686055
StdOut: [2,1,1]: 1.23880193986804
StdOut: [2,1,2]: 0.8073606098488364
StdOut: [2,1,3]: 0.8921662088436687
StdOut: [2,2,0]: 0.42012820638806603
StdOut: [2,2,1]: 1.22658210804425
StdOut: [2,2,2]: 0.1743062711557556
StdOut: [2,2,3]: 0.5280394543358977
StdOut: [2,3,0]: 0.7264080324267059
StdOut: [2,3,1]: 0.08559707850559328
StdOut: [2,3,2]: 1.1266094768333956
StdOut: [2,3,3]: 0.937241527323887
StdOut: [3,0,0]: -0.218222193376592
StdOut: [3,0,1]: -0.13667762912709736
StdOut: [3,0,2]: 0.9293655360814217
StdOut: [3,0,3]: 0.06389256305217883
StdOut: [3,1,0]: 1.2864270766563373
StdOut: [3,1,1]: 0.5701370022346618
StdOut: [3,1,2]: 1.062275226983997
StdOut: [3,1,3]: -0.06547967967682278
StdOut: [2,0,0]: 1.1584932995189434
StdOut: [2,0,1]: 1.394836938288952
StdOut: [2,0,2]: 1.1323148767128672
StdOut: [2,0,3]: 0.11362269805052864
StdOut: [2,1,0]: 0.5273517676549488
StdOut: [2,1,1]: 1.491041551894432
StdOut: [2,1,2]: 1.1458884878790692
StdOut: [2,1,3]: 0.7137329670749349
StdOut: [2,2,0]: 0.8361025651104528
StdOut: [2,2,1]: 1.4812656864354001
StdOut: [2,2,2]: 0.6394450169246044
StdOut: [2,2,3]: 0.4224315634687182
StdOut: [2,3,0]: 1.0811264259413647
StdOut: [2,3,1]: 0.5684776628044746
StdOut: [2,3,2]: 1.4012875814667165
StdOut: [2,3,3]: 0.7497932218591096
StdOut: [3,0,0]: 0.32542224529872643
StdOut: [3,0,1]: 0.39065789669832207
StdOut: [3,0,2]: 1.2434924288651374
StdOut: [3,0,3]: 0.5511140504417431
StdOut: [3,1,0]: 1.52914166132507
StdOut: [3,1,1]: 0.9561096017877294
StdOut: [3,1,2]: 1.3498201815871975
StdOut: [3,1,3]: 0.44761625625854173